<?xml version="1.0" encoding="UTF-8"?>
<!-- Generated by org.testng.reporters.JUnitReportReporter -->
<testsuite hostname="DESKTOP-QI4VJV7" failures="0" tests="12" name="test._1_PositiveTest._5_PatchBooking" time="0.095" errors="0" timestamp="2025-01-09T13:19:04 GMT+03:00" skipped="0">
  <testcase classname="test._1_PositiveTest._5_PatchBooking" name="testStatusCode" time="0.002"/>
  <testcase classname="test._1_PositiveTest._5_PatchBooking" name="testContentType" time="0.001"/>
  <testcase classname="test._1_PositiveTest._5_PatchBooking" name="testResponseTime" time="0.001"/>
  <testcase classname="test._1_PositiveTest._5_PatchBooking" name="testBookingBody" time="0.001"/>
  <testcase classname="test._1_PositiveTest._5_PatchBooking" name="testBookingSchema" time="0.009"/>
  <testcase classname="test._1_PositiveTest._5_PatchBooking" name="testFirstname" time="0.010"/>
  <testcase classname="test._1_PositiveTest._5_PatchBooking" name="testLastname" time="0.011"/>
  <testcase classname="test._1_PositiveTest._5_PatchBooking" name="testTotalPrice" time="0.011"/>
  <testcase classname="test._1_PositiveTest._5_PatchBooking" name="testDepositpaid" time="0.014"/>
  <testcase classname="test._1_PositiveTest._5_PatchBooking" name="testBookingDatesCheckIn" time="0.016"/>
  <testcase classname="test._1_PositiveTest._5_PatchBooking" name="testBookingDatesCheckOut" time="0.010"/>
  <testcase classname="test._1_PositiveTest._5_PatchBooking" name="testAdditionalNeeds" time="0.009"/>
</testsuite> <!-- test._1_PositiveTest._5_PatchBooking -->
