<?xml version="1.0" encoding="UTF-8"?>
<!-- Generated by org.testng.reporters.JUnitReportReporter -->
<testsuite hostname="DESKTOP-QI4VJV7" failures="0" tests="6" name="test._1_PositiveTest._1_CreateToken" time="0.082" errors="0" timestamp="2025-01-09T13:19:04 GMT+03:00" skipped="0">
  <testcase classname="test._1_PositiveTest._1_CreateToken" name="testStatusCode" time="0.003"/>
  <testcase classname="test._1_PositiveTest._1_CreateToken" name="testContentType" time="0.003"/>
  <testcase classname="test._1_PositiveTest._1_CreateToken" name="testResponseTime" time="0.007"/>
  <testcase classname="test._1_PositiveTest._1_CreateToken" name="testBookingBody" time="0.003"/>
  <testcase classname="test._1_PositiveTest._1_CreateToken" name="testResponseBody" time="0.022"/>
  <testcase classname="test._1_PositiveTest._1_CreateToken" name="testIsTokenString" time="0.044"/>
</testsuite> <!-- test._1_PositiveTest._1_CreateToken -->
