<?xml version="1.0" encoding="UTF-8"?>
<!-- Generated by org.testng.reporters.JUnitReportReporter -->
<testsuite hostname="DESKTOP-QI4VJV7" failures="0" tests="5" name="test._1_PositiveTest._6_DeleteBooking" time="0.017" errors="0" timestamp="2025-01-09T13:19:04 GMT+03:00" skipped="0">
  <testcase classname="test._1_PositiveTest._6_DeleteBooking" name="testStatusCode" time="0.004"/>
  <testcase classname="test._1_PositiveTest._6_DeleteBooking" name="testContentType" time="0.002"/>
  <testcase classname="test._1_PositiveTest._6_DeleteBooking" name="testResponseTime" time="0.005"/>
  <testcase classname="test._1_PositiveTest._6_DeleteBooking" name="testBookingBody" time="0.002"/>
  <testcase classname="test._1_PositiveTest._6_DeleteBooking" name="testCreatedMessage" time="0.004"/>
</testsuite> <!-- test._1_PositiveTest._6_DeleteBooking -->
