<?xml version="1.0" encoding="UTF-8"?>
<!-- Generated by org.testng.reporters.JUnitReportReporter -->
<testsuite hostname="DESKTOP-QI4VJV7" failures="0" tests="5" name="test._2_NegativeTests.Negative_2_CreateBooking_MissingValue" time="0.011" errors="0" timestamp="2025-01-09T13:19:04 GMT+03:00" skipped="0">
  <testcase classname="test._2_NegativeTests.Negative_2_CreateBooking_MissingValue" name="testStatusCode" time="0.004"/>
  <testcase classname="test._2_NegativeTests.Negative_2_CreateBooking_MissingValue" name="testContentType" time="0.002"/>
  <testcase classname="test._2_NegativeTests.Negative_2_CreateBooking_MissingValue" name="testResponseTime" time="0.002"/>
  <testcase classname="test._2_NegativeTests.Negative_2_CreateBooking_MissingValue" name="testResponseIsNotEmpty" time="0.001"/>
  <testcase classname="test._2_NegativeTests.Negative_2_CreateBooking_MissingValue" name="testBadCredentialsResponse" time="0.002"/>
</testsuite> <!-- test._2_NegativeTests.Negative_2_CreateBooking_MissingValue -->
