<?xml version="1.0" encoding="UTF-8"?>
<!-- Generated by org.testng.reporters.JUnitReportReporter -->
<testsuite hostname="DESKTOP-QI4VJV7" failures="0" tests="12" name="test._1_PositiveTest._2_CreateBooking" time="0.031" errors="0" timestamp="2025-01-09T13:19:04 GMT+03:00" skipped="0">
  <testcase classname="test._1_PositiveTest._2_CreateBooking" name="testStatusCode" time="0.001"/>
  <testcase classname="test._1_PositiveTest._2_CreateBooking" name="testContentType" time="0.002"/>
  <testcase classname="test._1_PositiveTest._2_CreateBooking" name="testResponseTime" time="0.002"/>
  <testcase classname="test._1_PositiveTest._2_CreateBooking" name="testBookingBody" time="0.005"/>
  <testcase classname="test._1_PositiveTest._2_CreateBooking" name="testBookingSchema" time="0.008"/>
  <testcase classname="test._1_PositiveTest._2_CreateBooking" name="testFirstname" time="0.003"/>
  <testcase classname="test._1_PositiveTest._2_CreateBooking" name="testLastname" time="0.002"/>
  <testcase classname="test._1_PositiveTest._2_CreateBooking" name="testTotalPrice" time="0.002"/>
  <testcase classname="test._1_PositiveTest._2_CreateBooking" name="testDepositpaid" time="0.001"/>
  <testcase classname="test._1_PositiveTest._2_CreateBooking" name="testBookingDatesCheckIn" time="0.001"/>
  <testcase classname="test._1_PositiveTest._2_CreateBooking" name="testBookingDatesCheckOut" time="0.002"/>
  <testcase classname="test._1_PositiveTest._2_CreateBooking" name="testAdditionalNeeds" time="0.002"/>
</testsuite> <!-- test._1_PositiveTest._2_CreateBooking -->
