<?xml version="1.0" encoding="UTF-8"?>
<!-- Generated by org.testng.reporters.JUnitReportReporter -->
<testsuite hostname="DESKTOP-QI4VJV7" failures="0" tests="7" name="test.HappyPath" time="8.366" errors="0" timestamp="2025-01-09T13:19:04 GMT+03:00" skipped="0">
  <testcase classname="test.HappyPath" name="CreateToken" time="2.894"/>
  <testcase classname="test.HappyPath" name="PostBooking" time="1.213"/>
  <testcase classname="test.HappyPath" name="GetBookingById" time="0.745"/>
  <testcase classname="test.HappyPath" name="GetBookingIds" time="1.334"/>
  <testcase classname="test.HappyPath" name="UpdateBooking" time="0.777"/>
  <testcase classname="test.HappyPath" name="PatchBooking" time="0.727"/>
  <testcase classname="test.HappyPath" name="DeleteBooking" time="0.676"/>
</testsuite> <!-- test.HappyPath -->
