<?xml version="1.0" encoding="UTF-8"?>
<!-- Generated by org.testng.reporters.JUnitReportReporter -->
<testsuite hostname="DESKTOP-QI4VJV7" failures="0" tests="12" name="test._1_PositiveTest._3_GetBooking" time="0.108" errors="0" timestamp="2025-01-09T13:19:04 GMT+03:00" skipped="0">
  <testcase classname="test._1_PositiveTest._3_GetBooking" name="testStatusCode" time="0.004"/>
  <testcase classname="test._1_PositiveTest._3_GetBooking" name="testContentType" time="0.004"/>
  <testcase classname="test._1_PositiveTest._3_GetBooking" name="testResponseTime" time="0.003"/>
  <testcase classname="test._1_PositiveTest._3_GetBooking" name="testBookingBody" time="0.002"/>
  <testcase classname="test._1_PositiveTest._3_GetBooking" name="testBookingSchema" time="0.009"/>
  <testcase classname="test._1_PositiveTest._3_GetBooking" name="testFirstname" time="0.016"/>
  <testcase classname="test._1_PositiveTest._3_GetBooking" name="testLastname" time="0.009"/>
  <testcase classname="test._1_PositiveTest._3_GetBooking" name="testTotalPrice" time="0.008"/>
  <testcase classname="test._1_PositiveTest._3_GetBooking" name="testDepositpaid" time="0.012"/>
  <testcase classname="test._1_PositiveTest._3_GetBooking" name="testBookingDatesCheckIn" time="0.014"/>
  <testcase classname="test._1_PositiveTest._3_GetBooking" name="testBookingDatesCheckOut" time="0.011"/>
  <testcase classname="test._1_PositiveTest._3_GetBooking" name="testAdditionalNeeds" time="0.016"/>
</testsuite> <!-- test._1_PositiveTest._3_GetBooking -->
