<?xml version="1.0" encoding="UTF-8"?>
<!-- Generated by org.testng.reporters.JUnitReportReporter -->
<testsuite hostname="DESKTOP-QI4VJV7" failures="0" tests="5" name="test._2_NegativeTests.Negative_1_CreateToken_InvalidUsernamePassword" time="0.019" errors="0" timestamp="2025-01-09T13:19:04 GMT+03:00" skipped="0">
  <testcase classname="test._2_NegativeTests.Negative_1_CreateToken_InvalidUsernamePassword" name="testStatusCode" time="0.001"/>
  <testcase classname="test._2_NegativeTests.Negative_1_CreateToken_InvalidUsernamePassword" name="testContentType" time="0.005"/>
  <testcase classname="test._2_NegativeTests.Negative_1_CreateToken_InvalidUsernamePassword" name="testResponseTime" time="0.001"/>
  <testcase classname="test._2_NegativeTests.Negative_1_CreateToken_InvalidUsernamePassword" name="testResponseIsNotEmpty" time="0.002"/>
  <testcase classname="test._2_NegativeTests.Negative_1_CreateToken_InvalidUsernamePassword" name="testBadCredentialsResponse" time="0.010"/>
</testsuite> <!-- test._2_NegativeTests.Negative_1_CreateToken_InvalidUsernamePassword -->
