<?xml version="1.0" encoding="UTF-8"?>
<!-- Generated by org.testng.reporters.JUnitReportReporter -->
<testsuite hostname="DESKTOP-QI4VJV7" failures="0" tests="12" name="test._1_PositiveTest._4_UpdateBooking" time="0.143" errors="0" timestamp="2025-01-09T13:19:04 GMT+03:00" skipped="0">
  <testcase classname="test._1_PositiveTest._4_UpdateBooking" name="testStatusCode" time="0.002"/>
  <testcase classname="test._1_PositiveTest._4_UpdateBooking" name="testContentType" time="0.002"/>
  <testcase classname="test._1_PositiveTest._4_UpdateBooking" name="testResponseTime" time="0.004"/>
  <testcase classname="test._1_PositiveTest._4_UpdateBooking" name="testBookingBody" time="0.002"/>
  <testcase classname="test._1_PositiveTest._4_UpdateBooking" name="testBookingSchema" time="0.008"/>
  <testcase classname="test._1_PositiveTest._4_UpdateBooking" name="testFirstname" time="0.011"/>
  <testcase classname="test._1_PositiveTest._4_UpdateBooking" name="testLastname" time="0.040"/>
  <testcase classname="test._1_PositiveTest._4_UpdateBooking" name="testTotalPrice" time="0.012"/>
  <testcase classname="test._1_PositiveTest._4_UpdateBooking" name="testDepositpaid" time="0.016"/>
  <testcase classname="test._1_PositiveTest._4_UpdateBooking" name="testBookingDatesCheckIn" time="0.014"/>
  <testcase classname="test._1_PositiveTest._4_UpdateBooking" name="testBookingDatesCheckOut" time="0.015"/>
  <testcase classname="test._1_PositiveTest._4_UpdateBooking" name="testAdditionalNeeds" time="0.017"/>
</testsuite> <!-- test._1_PositiveTest._4_UpdateBooking -->
